Determining if the pthread_create exist failed with the following output:
Change Dir: /home/matthieu/Programmation/cc/build/CMakeFiles/CMakeTmp

Run Build Command:"/usr/bin/make" "cmTryCompileExec3867480033/fast"
/usr/bin/make -f CMakeFiles/cmTryCompileExec3867480033.dir/build.make CMakeFiles/cmTryCompileExec3867480033.dir/build
make[1]: entrant dans le répertoire « /home/matthieu/Programmation/cc/build/CMakeFiles/CMakeTmp »
/usr/bin/cmake -E cmake_progress_report /home/matthieu/Programmation/cc/build/CMakeFiles/CMakeTmp/CMakeFiles 1
Building C object CMakeFiles/cmTryCompileExec3867480033.dir/CheckSymbolExists.c.o
/usr/bin/cc    -o CMakeFiles/cmTryCompileExec3867480033.dir/CheckSymbolExists.c.o   -c /home/matthieu/Programmation/cc/build/CMakeFiles/CMakeTmp/CheckSymbolExists.c
Linking C executable cmTryCompileExec3867480033
/usr/bin/cmake -E cmake_link_script CMakeFiles/cmTryCompileExec3867480033.dir/link.txt --verbose=1
/usr/bin/cc       CMakeFiles/cmTryCompileExec3867480033.dir/CheckSymbolExists.c.o  -o cmTryCompileExec3867480033 -rdynamic 
CMakeFiles/cmTryCompileExec3867480033.dir/CheckSymbolExists.c.o: dans la fonction « main »:
CheckSymbolExists.c:(.text+0x16): référence indéfinie vers « pthread_create »
collect2: error: ld returned 1 exit status
make[1]: *** [cmTryCompileExec3867480033] Erreur 1
make[1]: quittant le répertoire « /home/matthieu/Programmation/cc/build/CMakeFiles/CMakeTmp »
make: *** [cmTryCompileExec3867480033/fast] Erreur 2

File /home/matthieu/Programmation/cc/build/CMakeFiles/CMakeTmp/CheckSymbolExists.c:
/* */
#include <pthread.h>

int main(int argc, char** argv)
{
  (void)argv;
#ifndef pthread_create
  return ((int*)(&pthread_create))[argc];
#else
  (void)argc;
  return 0;
#endif
}

Determining if the function pthread_create exists in the pthreads failed with the following output:
Change Dir: /home/matthieu/Programmation/cc/build/CMakeFiles/CMakeTmp

Run Build Command:"/usr/bin/make" "cmTryCompileExec838004007/fast"
/usr/bin/make -f CMakeFiles/cmTryCompileExec838004007.dir/build.make CMakeFiles/cmTryCompileExec838004007.dir/build
make[1]: entrant dans le répertoire « /home/matthieu/Programmation/cc/build/CMakeFiles/CMakeTmp »
/usr/bin/cmake -E cmake_progress_report /home/matthieu/Programmation/cc/build/CMakeFiles/CMakeTmp/CMakeFiles 1
Building C object CMakeFiles/cmTryCompileExec838004007.dir/CheckFunctionExists.c.o
/usr/bin/cc   -DCHECK_FUNCTION_EXISTS=pthread_create   -o CMakeFiles/cmTryCompileExec838004007.dir/CheckFunctionExists.c.o   -c /usr/share/cmake-3.2/Modules/CheckFunctionExists.c
Linking C executable cmTryCompileExec838004007
/usr/bin/cmake -E cmake_link_script CMakeFiles/cmTryCompileExec838004007.dir/link.txt --verbose=1
/usr/bin/cc   -DCHECK_FUNCTION_EXISTS=pthread_create    CMakeFiles/cmTryCompileExec838004007.dir/CheckFunctionExists.c.o  -o cmTryCompileExec838004007 -rdynamic -lpthreads 
/usr/bin/ld: ne peut trouver -lpthreads
collect2: error: ld returned 1 exit status
make[1]: *** [cmTryCompileExec838004007] Erreur 1
make[1]: quittant le répertoire « /home/matthieu/Programmation/cc/build/CMakeFiles/CMakeTmp »
make: *** [cmTryCompileExec838004007/fast] Erreur 2


